<!DOCTYPE html PUBLIC "-//W3C//DTD XHTML 1.1//EN" "http://www.w3.org/TR/xhtml11/DTD/xhtml11.dtd">
<html xmlns="http://www.w3.org/1999/xhtml">
<head>
<meta http-equiv="content-type" content="text/html; charset=UTF-8"/>
<title>TestNG Report</title>
<style type="text/css">table {margin-bottom:10px;border-collapse:collapse;empty-cells:show}th,td {border:1px solid #009;padding:.25em .5em}th {vertical-align:bottom}td {vertical-align:top}table a {font-weight:bold}.stripe td {background-color: #E6EBF9}.num {text-align:right}.passedodd td {background-color: #3F3}.passedeven td {background-color: #0A0}.skippedodd td {background-color: #DDD}.skippedeven td {background-color: #CCC}.failedodd td,.attn {background-color: #F33}.failedeven td,.stripe .attn {background-color: #D00}.stacktrace {white-space:pre;font-family:monospace}.totop {font-size:85%;text-align:center;border-bottom:2px solid #000}.invisible {display:none}</style>
</head>
<body>
<table>
<tr><th>Test</th><th># Passed</th><th># Skipped</th><th># Failed</th><th>Time (ms)</th><th>Included Groups</th><th>Excluded Groups</th></tr>
<tr><th colspan="7">Regression Suite</th></tr>
<tr><td><a href="#t0">Login test chrome</a></td><td class="num">1</td><td class="num">0</td><td class="num attn">2</td><td class="num">166,389</td><td></td><td></td></tr>
</table>
<table id='summary'><thead><tr><th>Class</th><th>Method</th><th>Start</th><th>Time (ms)</th></tr></thead><tbody><tr><th colspan="4">Regression Suite</th></tr></tbody><tbody id="t0"><tr><th colspan="4">Login test chrome &#8212; failed</th></tr><tr class="failedeven"><td rowspan="1">ExaminationAndResultModule.ExamConfigMaster</td><td><a href="#m0">ExamConfigMasterTest</a></td><td rowspan="1">1526561224717</td><td rowspan="1">62257</td></tr><tr class="failedodd"><td rowspan="1">ExaminationAndResultModule.SanityTest</td><td><a href="#m1">examinationResultSanityTest</a></td><td rowspan="1">1526561139712</td><td rowspan="1">80011</td></tr><tr><th colspan="4">Login test chrome &#8212; passed</th></tr><tr class="passedeven"><td rowspan="1">signInAction.TC_Login</td><td><a href="#m2">LoginWithMultipleUser</a></td><td rowspan="1">1526561131151</td><td rowspan="1">3720</td></tr></tbody>
</table>
<h2>Login test chrome</h2><h3 id="m0">ExaminationAndResultModule.ExamConfigMaster#ExamConfigMasterTest</h3><table class="result"><tr class="param"><th>Parameter #1</th><th>Parameter #2</th><th>Parameter #3</th></tr><tr class="param stripe"><td>erp@admin</td><td>Jnvu@)!^</td><td>Y</td></tr><tr><th colspan="3">Messages</th></tr><tr><td colspan="3"><div class="messages">Clicked on IUMS Login link<br/>Switched to new window<br/>Entered userName is : erp@admin<br/>Entered password is : Jnvu@)!^<br/>User logged in to IUMS</div></td></tr><tr><th colspan="3">Exception</th></tr><tr><td colspan="3"><div class="stacktrace">org.openqa.selenium.NoSuchElementException: no such element: Unable to locate element: {&quot;method&quot;:&quot;xpath&quot;,&quot;selector&quot;:&quot;//*[@id=&apos;body&apos;]/div[2]/table/tbody/tr[1]/td/h1&quot;}
  (Session info: chrome=66.0.3359.139)
  (Driver info: chromedriver=2.37.544315 (730aa6a5fdba159ac9f4c1e8cbc59bf1b5ce12b7),platform=Windows NT 6.3.9600 x86) (WARNING: The server did not provide any stacktrace information)
Command duration or timeout: 0 milliseconds
For documentation on this error, please visit: http://seleniumhq.org/exceptions/no_such_element.html
Build info: version: &apos;3.11.0&apos;, revision: &apos;e59cfb3&apos;, time: &apos;2018-03-11T20:26:55.152Z&apos;
System info: host: &apos;ESLDELLV3&apos;, ip: &apos;192.168.10.121&apos;, os.name: &apos;Windows 8.1&apos;, os.arch: &apos;x86&apos;, os.version: &apos;6.3&apos;, java.version: &apos;1.8.0_05&apos;
Driver info: org.openqa.selenium.chrome.ChromeDriver
Capabilities {acceptInsecureCerts: false, acceptSslCerts: false, applicationCacheEnabled: false, browserConnectionEnabled: false, browserName: chrome, chrome: {chromedriverVersion: 2.37.544315 (730aa6a5fdba15..., userDataDir: C:\Users\AMITCH~1\AppData\L...}, cssSelectorsEnabled: true, databaseEnabled: false, handlesAlerts: true, hasTouchScreen: false, javascriptEnabled: true, locationContextEnabled: true, mobileEmulationEnabled: false, nativeEvents: true, networkConnectionEnabled: false, pageLoadStrategy: normal, platform: XP, platformName: XP, rotatable: false, setWindowRect: true, takesHeapSnapshot: true, takesScreenshot: true, unexpectedAlertBehaviour: , unhandledPromptBehavior: , version: 66.0.3359.139, webStorageEnabled: true}
Session ID: 4ea5855da5e38aeab8e8e9af381f108c
*** Element info: {Using=xpath, value=//*[@id=&apos;body&apos;]/div[2]/table/tbody/tr[1]/td/h1}
	at org.openqa.selenium.remote.ErrorHandler.createThrowable(ErrorHandler.java:214)
	at org.openqa.selenium.remote.ErrorHandler.throwIfResponseFailed(ErrorHandler.java:166)
	at org.openqa.selenium.remote.http.JsonHttpResponseCodec.reconstructValue(JsonHttpResponseCodec.java:40)
	at org.openqa.selenium.remote.http.AbstractHttpResponseCodec.decode(AbstractHttpResponseCodec.java:80)
	at org.openqa.selenium.remote.http.AbstractHttpResponseCodec.decode(AbstractHttpResponseCodec.java:44)
	at org.openqa.selenium.remote.HttpCommandExecutor.execute(HttpCommandExecutor.java:158)
	at org.openqa.selenium.remote.service.DriverCommandExecutor.execute(DriverCommandExecutor.java:83)
	at org.openqa.selenium.remote.RemoteWebDriver.execute(RemoteWebDriver.java:545)
	at org.openqa.selenium.remote.RemoteWebDriver.findElement(RemoteWebDriver.java:319)
	at org.openqa.selenium.remote.RemoteWebDriver.findElementByXPath(RemoteWebDriver.java:421)
	at org.openqa.selenium.By$ByXPath.findElement(By.java:361)
	at org.openqa.selenium.remote.RemoteWebDriver.findElement(RemoteWebDriver.java:311)
	at org.openqa.selenium.support.pagefactory.DefaultElementLocator.findElement(DefaultElementLocator.java:69)
	at org.openqa.selenium.support.pagefactory.internal.LocatingElementHandler.invoke(LocatingElementHandler.java:38)
	at com.sun.proxy.$Proxy13.getText(Unknown Source)
	at pageObject.MyModules.assignedModules(MyModules.java:35)
	at ExaminationAndResultModule.ExamConfigMaster.ExamConfigMasterTest(ExamConfigMaster.java:56)
... Removed 29 stack frames</div></td></tr></table><p class="totop"><a href="#summary">back to summary</a></p>
<h3 id="m1">ExaminationAndResultModule.SanityTest#examinationResultSanityTest</h3><table class="result"><tr class="param"><th>Parameter #1</th><th>Parameter #2</th><th>Parameter #3</th></tr><tr class="param stripe"><td>erp@admin</td><td>Jnvu@)!^</td><td>Y</td></tr><tr><th colspan="3">Messages</th></tr><tr><td colspan="3"><div class="messages">Clicked on IUMS Login link<br/>Switched to new window<br/>Entered userName is : erp@admin<br/>Entered password is : Jnvu@)!^<br/>User logged in to IUMS<br/>Clicked on Examination & Result Module<br/>Mouse Hover to Examination Master<br/>Clicked on Exam Config Master<br/><a href ='D:\hybridFramework\uiAutomation\Screenshot\GenralScreenshot\ExamConfigMaster_17_05_2018_06_15_43.png'> <img src ='D:\hybridFramework\uiAutomation\Screenshot\GenralScreenshot\ExamConfigMaster_17_05_2018_06_15_43.png' hight =100 width =100 /> </a><br/>Mouse Hover to Examination Master<br/>Clicked on Exam Configuration Transaction<br/><a href ='D:\hybridFramework\uiAutomation\Screenshot\GenralScreenshot\ExamConfigurationTransaction_17_05_2018_06_15_46.png'> <img src ='D:\hybridFramework\uiAutomation\Screenshot\GenralScreenshot\ExamConfigurationTransaction_17_05_2018_06_15_46.png' hight =100 width =100 /> </a><br/>Mouse Hover to Examination Master<br/>Clicked on Grace Configuration Master<br/><a href ='D:\hybridFramework\uiAutomation\Screenshot\GenralScreenshot\GraceConfigurationMaster_17_05_2018_06_15_49.png'> <img src ='D:\hybridFramework\uiAutomation\Screenshot\GenralScreenshot\GraceConfigurationMaster_17_05_2018_06_15_49.png' hight =100 width =100 /> </a><br/>Mouse Hover to Examination Master<br/>Clicked on District PlaceMapping<br/><a href ='D:\hybridFramework\uiAutomation\Screenshot\GenralScreenshot\DistrictPlaceMapping_17_05_2018_06_15_51.png'> <img src ='D:\hybridFramework\uiAutomation\Screenshot\GenralScreenshot\DistrictPlaceMapping_17_05_2018_06_15_51.png' hight =100 width =100 /> </a><br/>Mouse Hover to Examination Master<br/>Clicked on Exam Configuration Transaction<br/><a href ='D:\hybridFramework\uiAutomation\Screenshot\GenralScreenshot\ExamChallanNoConfiguration_17_05_2018_06_15_54.png'> <img src ='D:\hybridFramework\uiAutomation\Screenshot\GenralScreenshot\ExamChallanNoConfiguration_17_05_2018_06_15_54.png' hight =100 width =100 /> </a><br/>Mouse Hover to Examination Master<br/>Clicked on Exam Configuration Transaction College Wise<br/><a href ='D:\hybridFramework\uiAutomation\Screenshot\GenralScreenshot\ExamConfigurationTransactionCollegeWise_17_05_2018_06_15_57.png'> <img src ='D:\hybridFramework\uiAutomation\Screenshot\GenralScreenshot\ExamConfigurationTransactionCollegeWise_17_05_2018_06_15_57.png' hight =100 width =100 /> </a></div></td></tr><tr><th colspan="3">Exception</th></tr><tr><td colspan="3"><div class="stacktrace">org.openqa.selenium.NoSuchElementException: no such element: Unable to locate element: {&quot;method&quot;:&quot;xpath&quot;,&quot;selector&quot;:&quot;//*[@id=&apos;aspnetForm&apos;]/div[3]/table/tbody/tr/td/div[1]/table[1]/tbody/tr/td[5]/div/a&quot;}
  (Session info: chrome=66.0.3359.139)
  (Driver info: chromedriver=2.37.544315 (730aa6a5fdba159ac9f4c1e8cbc59bf1b5ce12b7),platform=Windows NT 6.3.9600 x86) (WARNING: The server did not provide any stacktrace information)
Command duration or timeout: 0 milliseconds
For documentation on this error, please visit: http://seleniumhq.org/exceptions/no_such_element.html
Build info: version: &apos;3.11.0&apos;, revision: &apos;e59cfb3&apos;, time: &apos;2018-03-11T20:26:55.152Z&apos;
System info: host: &apos;ESLDELLV3&apos;, ip: &apos;192.168.10.121&apos;, os.name: &apos;Windows 8.1&apos;, os.arch: &apos;x86&apos;, os.version: &apos;6.3&apos;, java.version: &apos;1.8.0_05&apos;
Driver info: org.openqa.selenium.chrome.ChromeDriver
Capabilities {acceptInsecureCerts: false, acceptSslCerts: false, applicationCacheEnabled: false, browserConnectionEnabled: false, browserName: chrome, chrome: {chromedriverVersion: 2.37.544315 (730aa6a5fdba15..., userDataDir: C:\Users\AMITCH~1\AppData\L...}, cssSelectorsEnabled: true, databaseEnabled: false, handlesAlerts: true, hasTouchScreen: false, javascriptEnabled: true, locationContextEnabled: true, mobileEmulationEnabled: false, nativeEvents: true, networkConnectionEnabled: false, pageLoadStrategy: normal, platform: XP, platformName: XP, rotatable: false, setWindowRect: true, takesHeapSnapshot: true, takesScreenshot: true, unexpectedAlertBehaviour: , unhandledPromptBehavior: , version: 66.0.3359.139, webStorageEnabled: true}
Session ID: 78c4f0109c0c08c07f62ffb01cdb263c
*** Element info: {Using=xpath, value=//*[@id=&apos;aspnetForm&apos;]/div[3]/table/tbody/tr/td/div[1]/table[1]/tbody/tr/td[5]/div/a}
	at org.openqa.selenium.remote.ErrorHandler.createThrowable(ErrorHandler.java:214)
	at org.openqa.selenium.remote.ErrorHandler.throwIfResponseFailed(ErrorHandler.java:166)
	at org.openqa.selenium.remote.http.JsonHttpResponseCodec.reconstructValue(JsonHttpResponseCodec.java:40)
	at org.openqa.selenium.remote.http.AbstractHttpResponseCodec.decode(AbstractHttpResponseCodec.java:80)
	at org.openqa.selenium.remote.http.AbstractHttpResponseCodec.decode(AbstractHttpResponseCodec.java:44)
	at org.openqa.selenium.remote.HttpCommandExecutor.execute(HttpCommandExecutor.java:158)
	at org.openqa.selenium.remote.service.DriverCommandExecutor.execute(DriverCommandExecutor.java:83)
	at org.openqa.selenium.remote.RemoteWebDriver.execute(RemoteWebDriver.java:545)
	at org.openqa.selenium.remote.RemoteWebDriver.findElement(RemoteWebDriver.java:319)
	at org.openqa.selenium.remote.RemoteWebDriver.findElementByXPath(RemoteWebDriver.java:421)
	at org.openqa.selenium.By$ByXPath.findElement(By.java:361)
	at org.openqa.selenium.remote.RemoteWebDriver.findElement(RemoteWebDriver.java:311)
	at org.openqa.selenium.support.pagefactory.DefaultElementLocator.findElement(DefaultElementLocator.java:69)
	at org.openqa.selenium.support.pagefactory.internal.LocatingElementHandler.invoke(LocatingElementHandler.java:38)
	at com.sun.proxy.$Proxy13.click(Unknown Source)
	at pageObject.MyModules.clickOnlogOut(MyModules.java:39)
	at ExaminationAndResultModule.SanityTest.examinationResultSanityTest(SanityTest.java:56)
... Removed 29 stack frames</div></td></tr></table><p class="totop"><a href="#summary">back to summary</a></p>
<h3 id="m2">signInAction.TC_Login#LoginWithMultipleUser</h3><table class="result"><tr class="param"><th>Parameter #1</th><th>Parameter #2</th><th>Parameter #3</th></tr><tr class="param stripe"><td>erp@admin</td><td>Jnvu@)!^</td><td>Y</td></tr><tr><th colspan="3">Messages</th></tr><tr><td colspan="3"><div class="messages">Clicked on IUMS Login link<br/>Switched to new window<br/>Entered userName is : erp@admin<br/>Entered password is : Jnvu@)!^<br/>User logged in to IUMS JNVU<br/>Clicked on logOut<br/>User logged Out from IUMS JNVU<br/>Navigate back to home page</div></td></tr></table><p class="totop"><a href="#summary">back to summary</a></p>
</body>
</html>
